DEBUG:root:;None -- 10 -- 10
DEBUG:root:1
DEBUG:root:2
DEBUG:root:3
DEBUG:root:;up -- 14 -- 13
DEBUG:root:nao entrou
DEBUG:root:nao entrou
DEBUG:root:;left -- 12 -- 11
DEBUG:root:nao entrou
DEBUG:root:nao entrou
DEBUG:root:;right -- 12 -- 11
DEBUG:root:nao entrou
DEBUG:root:nao entrou
DEBUG:root:;None -- 0 -- 0
DEBUG:root:1
DEBUG:root:nao entrou
DEBUG:root:nao entrou
DEBUG:root:nao entrou
DEBUG:root:nao entrou
DEBUG:root:1
DEBUG:root:nao entrou
DEBUG:root:1
DEBUG:root:nao entrou
DEBUG:root:nao entrou
DEBUG:root:nao entrou
DEBUG:root:nao entrou
DEBUG:root:1
DEBUG:root:nao entrou
DEBUG:root:nao entrou
DEBUG:root:nao entrou
DEBUG:root:nao entrou
DEBUG:root:1
DEBUG:root:nao entrou
DEBUG:root:nao entrou
DEBUG:root:nao entrou
DEBUG:root:nao entrou
DEBUG:root:1
DEBUG:root:nao entrou
DEBUG:root:1
DEBUG:root:nao entrou
DEBUG:root:nao entrou
DEBUG:root:nao entrou
DEBUG:root:nao entrou
DEBUG:root:1
DEBUG:root:nao entrou
DEBUG:root:nao entrou
DEBUG:root:nao entrou
DEBUG:root:nao entrou
DEBUG:root:1
DEBUG:root:nao entrou
DEBUG:root:nao entrou
DEBUG:root:nao entrou
DEBUG:root:nao entrou
DEBUG:root:1
DEBUG:root:nao entrou
DEBUG:root:nao entrou
DEBUG:root:nao entrou
DEBUG:root:nao entrou
DEBUG:root:1
DEBUG:root:nao entrou
DEBUG:root:nao entrou
DEBUG:root:nao entrou
DEBUG:root:nao entrou
DEBUG:root:1
DEBUG:root:nao entrou
DEBUG:root:nao entrou
DEBUG:root:nao entrou
DEBUG:root:nao entrou
DEBUG:root:1
DEBUG:root:nao entrou
DEBUG:root:nao entrou
DEBUG:root:nao entrou
DEBUG:root:nao entrou
DEBUG:root:1
DEBUG:root:nao entrou
DEBUG:root:nao entrou
DEBUG:root:nao entrou
DEBUG:root:nao entrou
DEBUG:root:1
DEBUG:root:nao entrou
DEBUG:root:nao entrou
DEBUG:root:nao entrou
DEBUG:root:nao entrou
DEBUG:root:1
DEBUG:root:nao entrou
DEBUG:root:nao entrou
DEBUG:root:nao entrou
DEBUG:root:nao entrou
DEBUG:root:1
DEBUG:root:nao entrou
DEBUG:root:nao entrou
DEBUG:root:2
DEBUG:root:nao entrou
DEBUG:root:3
DEBUG:root:nao entrou
DEBUG:root:nao entrou
DEBUG:root:4
DEBUG:root:nao entrou
DEBUG:root:5
DEBUG:root:nao entrou
DEBUG:root:nao entrou
DEBUG:root:nao entrou
DEBUG:root:nao entrou
DEBUG:root:1
DEBUG:root:nao entrou
DEBUG:root:nao entrou
DEBUG:root:2
DEBUG:root:nao entrou
DEBUG:root:3
DEBUG:root:nao entrou
DEBUG:root:nao entrou
DEBUG:root:4
DEBUG:root:nao entrou
DEBUG:root:5
DEBUG:root:nao entrou
DEBUG:root:nao entrou
DEBUG:root:nao entrou
DEBUG:root:nao entrou
DEBUG:root:1
DEBUG:root:2
DEBUG:root:3
DEBUG:root:1
DEBUG:root:2
DEBUG:root:3
DEBUG:root:1
DEBUG:root:2
DEBUG:root:3
DEBUG:root:1
DEBUG:root:2
DEBUG:root:3
DEBUG:root:1
DEBUG:root:2
DEBUG:root:3
